# JRE version: OpenJDK Runtime Environment (11.0.13+8) (build 11.0.13+8-Ubuntu-0ubuntu1.20.04)
# Java VM: OpenJDK 64-Bit Server VM (11.0.13+8-Ubuntu-0ubuntu1.20.04, mixed mode, sharing, tiered, compressed oops, g1 gc, linux-amd64)
Heap:
 garbage-first heap   total 155648K, used 96853K [0x0000000084400000, 0x0000000100000000)
  region size 1024K, 77 young (78848K), 5 survivors (5120K)
 Metaspace       used 23739K, capacity 24481K, committed 24704K, reserved 1071104K
  class space    used 2596K, capacity 2890K, committed 2944K, reserved 1048576K
GC Heap History (15 events):
Event: 0.759 GC heap before
{Heap before GC invocations=0 (full 0):
 garbage-first heap   total 129024K, used 15048K [0x0000000084400000, 0x0000000100000000)
  region size 1024K, 14 young (14336K), 0 survivors (0K)
 Metaspace       used 4087K, capacity 6861K, committed 6912K, reserved 1056768K
  class space    used 442K, capacity 738K, committed 768K, reserved 1048576K
}
Event: 0.771 GC heap after
{Heap after GC invocations=1 (full 0):
 garbage-first heap   total 129024K, used 3426K [0x0000000084400000, 0x0000000100000000)
  region size 1024K, 2 young (2048K), 2 survivors (2048K)
 Metaspace       used 4087K, capacity 6861K, committed 6912K, reserved 1056768K
  class space    used 442K, capacity 738K, committed 768K, reserved 1048576K
}
Event: 1.062 GC heap before
{Heap before GC invocations=1 (full 0):
 garbage-first heap   total 129024K, used 14690K [0x0000000084400000, 0x0000000100000000)
  region size 1024K, 13 young (13312K), 2 survivors (2048K)
 Metaspace       used 5679K, capacity 7929K, committed 8192K, reserved 1056768K
  class space    used 654K, capacity 902K, committed 1024K, reserved 1048576K
}
Event: 1.071 GC heap after
{Heap after GC invocations=2 (full 0):
 garbage-first heap   total 129024K, used 4057K [0x0000000084400000, 0x0000000100000000)
  region size 1024K, 1 young (1024K), 1 survivors (1024K)
 Metaspace       used 5679K, capacity 7929K, committed 8192K, reserved 1056768K
  class space    used 654K, capacity 902K, committed 1024K, reserved 1048576K
}
Event: 1.937 GC heap before
{Heap before GC invocations=2 (full 0):
 garbage-first heap   total 129024K, used 35801K [0x0000000084400000, 0x0000000100000000)
  region size 1024K, 32 young (32768K), 1 survivors (1024K)
 Metaspace       used 9798K, capacity 11565K, committed 11648K, reserved 1058816K
  class space    used 1154K, capacity 1402K, committed 1408K, reserved 1048576K
}
Event: 1.942 GC heap after
{Heap after GC invocations=3 (full 0):
 garbage-first heap   total 129024K, used 5609K [0x0000000084400000, 0x0000000100000000)
  region size 1024K, 3 young (3072K), 3 survivors (3072K)
 Metaspace       used 9798K, capacity 11565K, committed 11648K, reserved 1058816K
  class space    used 1154K, capacity 1402K, committed 1408K, reserved 1048576K
}
Event: 3.391 GC heap before
{Heap before GC invocations=3 (full 0):
 garbage-first heap   total 129024K, used 59881K [0x0000000084400000, 0x0000000100000000)
  region size 1024K, 56 young (57344K), 3 survivors (3072K)
 Metaspace       used 14262K, capacity 15341K, committed 15616K, reserved 1062912K
  class space    used 1572K, capacity 1772K, committed 1792K, reserved 1048576K
}
Event: 3.404 GC heap after
{Heap after GC invocations=4 (full 0):
 garbage-first heap   total 129024K, used 9268K [0x0000000084400000, 0x0000000100000000)
  region size 1024K, 6 young (6144K), 6 survivors (6144K)
 Metaspace       used 14262K, capacity 15341K, committed 15616K, reserved 1062912K
  class space    used 1572K, capacity 1772K, committed 1792K, reserved 1048576K
}
Event: 4.392 GC heap before
{Heap before GC invocations=4 (full 0):
 garbage-first heap   total 129024K, used 78900K [0x0000000084400000, 0x0000000100000000)
  region size 1024K, 74 young (75776K), 6 survivors (6144K)
 Metaspace       used 16114K, capacity 17093K, committed 17408K, reserved 1064960K
  class space    used 1725K, capacity 1957K, committed 2048K, reserved 1048576K
}
Event: 4.417 GC heap after
{Heap after GC invocations=5 (full 0):
 garbage-first heap   total 129024K, used 13167K [0x0000000084400000, 0x0000000100000000)
  region size 1024K, 8 young (8192K), 8 survivors (8192K)
 Metaspace       used 16114K, capacity 17093K, committed 17408K, reserved 1064960K
  class space    used 1725K, capacity 1957K, committed 2048K, reserved 1048576K
}
Event: 4.815 GC heap before
{Heap before GC invocations=5 (full 0):
 garbage-first heap   total 129024K, used 30575K [0x0000000084400000, 0x0000000100000000)
  region size 1024K, 26 young (26624K), 8 survivors (8192K)
 Metaspace       used 20389K, capacity 21015K, committed 21248K, reserved 1069056K
  class space    used 2243K, capacity 2499K, committed 2560K, reserved 1048576K
}
Event: 4.825 GC heap after
{Heap after GC invocations=6 (full 0):
 garbage-first heap   total 155648K, used 15092K [0x0000000084400000, 0x0000000100000000)
  region size 1024K, 6 young (6144K), 6 survivors (6144K)
 Metaspace       used 20389K, capacity 21015K, committed 21248K, reserved 1069056K
  class space    used 2243K, capacity 2499K, committed 2560K, reserved 1048576K
}
Event: 5.988 GC heap before
{Heap before GC invocations=7 (full 0):
 garbage-first heap   total 155648K, used 86772K [0x0000000084400000, 0x0000000100000000)
  region size 1024K, 76 young (77824K), 6 survivors (6144K)
 Metaspace       used 23721K, capacity 24481K, committed 24704K, reserved 1071104K
  class space    used 2596K, capacity 2890K, committed 2944K, reserved 1048576K
}
Event: 6.010 GC heap after
{Heap after GC invocations=8 (full 0):
 garbage-first heap   total 155648K, used 23125K [0x0000000084400000, 0x0000000100000000)
  region size 1024K, 10 young (10240K), 10 survivors (10240K)
 Metaspace       used 23721K, capacity 24481K, committed 24704K, reserved 1071104K
  class space    used 2596K, capacity 2890K, committed 2944K, reserved 1048576K
}
Event: 6.516 GC heap before
{Heap before GC invocations=8 (full 0):
 garbage-first heap   total 155648K, used 96853K [0x0000000084400000, 0x0000000100000000)
  region size 1024K, 82 young (83968K), 10 survivors (10240K)
 Metaspace       used 23739K, capacity 24481K, committed 24704K, reserved 1071104K
  class space    used 2596K, capacity 2890K, committed 2944K, reserved 1048576K
}

